make --dry-run --always-make --keep-going --print-directory
make: Entering directory `/Users/bnaji/Desktop/push_swap'
/Library/Developer/CommandLineTools/usr/bin/make -C ./libft/ all
 
make[1]: Entering directory `/Users/bnaji/Desktop/push_swap/libft'
gcc -Wall -Wextra -Werror -c ft_atoi.c -o ft_atoi.o
gcc -Wall -Wextra -Werror -c ft_bzero.c -o ft_bzero.o
gcc -Wall -Wextra -Werror -c ft_calloc.c -o ft_calloc.o
gcc -Wall -Wextra -Werror -c ft_isalnum.c -o ft_isalnum.o
gcc -Wall -Wextra -Werror -c ft_isalpha.c -o ft_isalpha.o
gcc -Wall -Wextra -Werror -c ft_isascii.c -o ft_isascii.o
gcc -Wall -Wextra -Werror -c ft_isdigit.c -o ft_isdigit.o
gcc -Wall -Wextra -Werror -c ft_isprint.c -o ft_isprint.o
gcc -Wall -Wextra -Werror -c ft_memchr.c -o ft_memchr.o
gcc -Wall -Wextra -Werror -c ft_memcmp.c -o ft_memcmp.o
gcc -Wall -Wextra -Werror -c ft_memcpy.c -o ft_memcpy.o
gcc -Wall -Wextra -Werror -c ft_memmove.c -o ft_memmove.o
gcc -Wall -Wextra -Werror -c ft_memset.c -o ft_memset.o
gcc -Wall -Wextra -Werror -c ft_strchr.c -o ft_strchr.o
gcc -Wall -Wextra -Werror -c ft_strrchr.c -o ft_strrchr.o
gcc -Wall -Wextra -Werror -c ft_strdup.c -o ft_strdup.o
gcc -Wall -Wextra -Werror -c ft_strlcat.c -o ft_strlcat.o
gcc -Wall -Wextra -Werror -c ft_strlcpy.c -o ft_strlcpy.o
gcc -Wall -Wextra -Werror -c ft_strlen.c -o ft_strlen.o
gcc -Wall -Wextra -Werror -c ft_strncmp.c -o ft_strncmp.o
gcc -Wall -Wextra -Werror -c ft_strnstr.c -o ft_strnstr.o
gcc -Wall -Wextra -Werror -c ft_tolower.c -o ft_tolower.o
gcc -Wall -Wextra -Werror -c ft_toupper.c -o ft_toupper.o
gcc -Wall -Wextra -Werror -c ft_substr.c -o ft_substr.o
gcc -Wall -Wextra -Werror -c ft_strjoin.c -o ft_strjoin.o
gcc -Wall -Wextra -Werror -c ft_strtrim.c -o ft_strtrim.o
gcc -Wall -Wextra -Werror -c ft_split.c -o ft_split.o
gcc -Wall -Wextra -Werror -c ft_itoa.c -o ft_itoa.o
gcc -Wall -Wextra -Werror -c ft_strmapi.c -o ft_strmapi.o
gcc -Wall -Wextra -Werror -c ft_striteri.c -o ft_striteri.o
gcc -Wall -Wextra -Werror -c ft_putchar_fd.c -o ft_putchar_fd.o
gcc -Wall -Wextra -Werror -c ft_putstr_fd.c -o ft_putstr_fd.o
gcc -Wall -Wextra -Werror -c ft_putendl_fd.c -o ft_putendl_fd.o
gcc -Wall -Wextra -Werror -c ft_putnbr_fd.c -o ft_putnbr_fd.o
gcc -c -Wall -Wextra -Werror ft_atoi.c ft_bzero.c ft_calloc.c ft_isalnum.c ft_isalpha.c ft_isascii.c ft_isdigit.c ft_isprint.c ft_memchr.c ft_memcmp.c ft_memcpy.c ft_memmove.c ft_memset.c ft_strchr.c ft_strrchr.c ft_strdup.c ft_strlcat.c ft_strlcpy.c ft_strlen.c ft_strncmp.c ft_strnstr.c ft_tolower.c ft_toupper.c ft_substr.c ft_strjoin.c ft_strtrim.c ft_split.c ft_itoa.c ft_strmapi.c ft_striteri.c ft_putchar_fd.c ft_putstr_fd.c ft_putendl_fd.c ft_putnbr_fd.c -I ../so_long.h
ar -rc libft.a ft_atoi.o ft_bzero.o ft_calloc.o ft_isalnum.o ft_isalpha.o ft_isascii.o ft_isdigit.o ft_isprint.o ft_memchr.o ft_memcmp.o ft_memcpy.o ft_memmove.o ft_memset.o ft_strchr.o ft_strrchr.o ft_strdup.o ft_strlcat.o ft_strlcpy.o ft_strlen.o ft_strncmp.o ft_strnstr.o ft_tolower.o ft_toupper.o ft_substr.o ft_strjoin.o ft_strtrim.o ft_split.o ft_itoa.o ft_strmapi.o ft_striteri.o ft_putchar_fd.o ft_putstr_fd.o ft_putendl_fd.o ft_putnbr_fd.o 
make[1]: Leaving directory `/Users/bnaji/Desktop/push_swap/libft'
gcc -c -Wall -Wextra -Werror algorithm.c initialize_validation.c operations_r.c operations_sp.c output.c main.c sorted.c sorters.c sorters_utils.c armored_atoi.c sorters_utils2.c big_sorter.c sorters_utils3.c
ar -r ft_push_swap.a algorithm.o initialize_validation.o operations_r.o operations_sp.o output.o main.o sorted.o sorters.o sorters_utils.o armored_atoi.o sorters_utils2.o big_sorter.o sorters_utils3.o
libtool -static -o push_swap.a ft_push_swap.a ./libft/libft.a
gcc push_swap.a -o push_swap
make: Leaving directory `/Users/bnaji/Desktop/push_swap'
 
